{"_synthetic": true, "UtcTime": "2026-09-14 07:55:00.000", "EventID": 4625, "Channel": "Security", "Computer": "SRV-FILES-01.corp.example.com", "TargetUserName": "administrator", "TargetDomainName": "CORP", "LogonType": 3, "Status": "0xc000006d", "SubStatus": "0xc000006a", "IpAddress": "203.0.113.45", "IpPort": "49000", "WorkstationName": "-"}
{"_synthetic": true, "UtcTime": "2026-09-14 07:55:13.000", "EventID": 4625, "Channel": "Security", "Computer": "SRV-FILES-01.corp.example.com", "TargetUserName": "admin", "TargetDomainName": "CORP", "LogonType": 3, "Status": "0xc000006d", "SubStatus": "0xc0000064", "IpAddress": "203.0.113.45", "IpPort": "49001", "WorkstationName": "-"}
{"_synthetic": true, "UtcTime": "2026-09-14 07:55:26.000", "EventID": 4625, "Channel": "Security", "Computer": "SRV-FILES-01.corp.example.com", "TargetUserName": "c.martin", "TargetDomainName": "CORP", "LogonType": 3, "Status": "0xc000006d", "SubStatus": "0xc000006a", "IpAddress": "203.0.113.45", "IpPort": "49002", "WorkstationName": "-"}
{"_synthetic": true, "UtcTime": "2026-09-14 07:55:39.000", "EventID": 4625, "Channel": "Security", "Computer": "SRV-FILES-01.corp.example.com", "TargetUserName": "j.dupont", "TargetDomainName": "CORP", "LogonType": 3, "Status": "0xc000006d", "SubStatus": "0xc000006a", "IpAddress": "203.0.113.45", "IpPort": "49003", "WorkstationName": "-"}
{"_synthetic": true, "UtcTime": "2026-09-14 07:55:40.000", "EventID": 4625, "Channel": "Security", "Computer": "SRV-FILES-01.corp.example.com", "TargetUserName": "c.martin", "TargetDomainName": "CORP", "LogonType": 3, "Status": "0xc000006d", "SubStatus": "0xc000006a", "IpAddress": "10.20.30.57", "IpPort": "52000", "WorkstationName": "WS-COMPTA-07"}
{"_synthetic": true, "UtcTime": "2026-09-14 07:55:52.000", "EventID": 4625, "Channel": "Security", "Computer": "SRV-FILES-01.corp.example.com", "TargetUserName": "scanner", "TargetDomainName": "CORP", "LogonType": 3, "Status": "0xc000006d", "SubStatus": "0xc0000064", "IpAddress": "203.0.113.45", "IpPort": "49004", "WorkstationName": "-"}
{"_synthetic": true, "UtcTime": "2026-09-14 07:56:05.000", "EventID": 4625, "Channel": "Security", "Computer": "SRV-FILES-01.corp.example.com", "TargetUserName": "backup", "TargetDomainName": "CORP", "LogonType": 3, "Status": "0xc000006d", "SubStatus": "0xc0000064", "IpAddress": "203.0.113.45", "IpPort": "49005", "WorkstationName": "-"}
{"_synthetic": true, "UtcTime": "2026-09-14 07:56:18.000", "EventID": 4625, "Channel": "Security", "Computer": "SRV-FILES-01.corp.example.com", "TargetUserName": "administrator", "TargetDomainName": "CORP", "LogonType": 3, "Status": "0xc000006d", "SubStatus": "0xc000006a", "IpAddress": "203.0.113.45", "IpPort": "49006", "WorkstationName": "-"}
{"_synthetic": true, "UtcTime": "2026-09-14 07:56:31.000", "EventID": 4625, "Channel": "Security", "Computer": "SRV-FILES-01.corp.example.com", "TargetUserName": "admin", "TargetDomainName": "CORP", "LogonType": 3, "Status": "0xc000006d", "SubStatus": "0xc0000064", "IpAddress": "203.0.113.45", "IpPort": "49007", "WorkstationName": "-"}
{"_synthetic": true, "UtcTime": "2026-09-14 07:56:44.000", "EventID": 4625, "Channel": "Security", "Computer": "SRV-FILES-01.corp.example.com", "TargetUserName": "c.martin", "TargetDomainName": "CORP", "LogonType": 3, "Status": "0xc000006d", "SubStatus": "0xc000006a", "IpAddress": "203.0.113.45", "IpPort": "49008", "WorkstationName": "-"}
{"_synthetic": true, "UtcTime": "2026-09-14 07:56:57.000", "EventID": 4625, "Channel": "Security", "Computer": "SRV-FILES-01.corp.example.com", "TargetUserName": "j.dupont", "TargetDomainName": "CORP", "LogonType": 3, "Status": "0xc000006d", "SubStatus": "0xc000006a", "IpAddress": "203.0.113.45", "IpPort": "49009", "WorkstationName": "-"}
{"_synthetic": true, "UtcTime": "2026-09-14 07:57:10.000", "EventID": 4625, "Channel": "Security", "Computer": "SRV-FILES-01.corp.example.com", "TargetUserName": "scanner", "TargetDomainName": "CORP", "LogonType": 3, "Status": "0xc000006d", "SubStatus": "0xc0000064", "IpAddress": "203.0.113.45", "IpPort": "49010", "WorkstationName": "-"}
{"_synthetic": true, "UtcTime": "2026-09-14 07:57:23.000", "EventID": 4625, "Channel": "Security", "Computer": "SRV-FILES-01.corp.example.com", "TargetUserName": "backup", "TargetDomainName": "CORP", "LogonType": 3, "Status": "0xc000006d", "SubStatus": "0xc0000064", "IpAddress": "203.0.113.45", "IpPort": "49011", "WorkstationName": "-"}
{"_synthetic": true, "UtcTime": "2026-09-14 08:01:40.000", "EventID": 4625, "Channel": "Security", "Computer": "SRV-FILES-01.corp.example.com", "TargetUserName": "c.martin", "TargetDomainName": "CORP", "LogonType": 3, "Status": "0xc000006d", "SubStatus": "0xc000006a", "IpAddress": "10.20.30.57", "IpPort": "52001", "WorkstationName": "WS-COMPTA-07"}
{"_synthetic": true, "UtcTime": "2026-09-14 08:01:50.000", "EventID": 4624, "Channel": "Security", "Computer": "SRV-FILES-01.corp.example.com", "TargetUserName": "c.martin", "TargetDomainName": "CORP", "LogonType": 3, "IpAddress": "10.20.30.57", "IpPort": "52010", "WorkstationName": "WS-COMPTA-07"}
