{"_synthetic": true, "UtcTime": "2026-09-14 09:12:03.000", "EventID": 1, "Computer": "WS-COMPTA-07.corp.example.com", "ProcessGuid": "{a1b2c3d4-0001-0000-0000-000000000001}", "ProcessId": 4120, "Image": "C:\\Program Files\\Microsoft Office\\root\\Office16\\WINWORD.EXE", "CommandLine": "\"WINWORD.EXE\" /n \"C:\\Users\\c.martin\\Downloads\\Facture_4471.docm\"", "ParentImage": "C:\\Windows\\explorer.exe", "ParentProcessId": 3310, "User": "CORP\\c.martin", "IntegrityLevel": "Medium", "Hashes": "SHA256=0000000000000000000000000000000000000000000000000000000000000001"}
{"_synthetic": true, "UtcTime": "2026-09-14 09:12:04.000", "EventID": 11, "Computer": "WS-COMPTA-07.corp.example.com", "ProcessId": 4120, "Image": "C:\\Program Files\\Microsoft Office\\root\\Office16\\WINWORD.EXE", "TargetFilename": "C:\\Users\\c.martin\\AppData\\Local\\Microsoft\\Windows\\INetCache\\Content.Word\\~WRS{0001}.tmp", "User": "CORP\\c.martin"}
{"_synthetic": true, "UtcTime": "2026-09-14 09:12:17.000", "EventID": 1, "Computer": "WS-COMPTA-07.corp.example.com", "ProcessGuid": "{a1b2c3d4-0002-0000-0000-000000000002}", "ProcessId": 5544, "Image": "C:\\Windows\\System32\\WindowsPowerShell\\v1.0\\powershell.exe", "CommandLine": "powershell.exe -NoP -W Hidden -enc VwByAGkAdABlAC0ATwB1AHQAcAB1AHQAIAAnAFMAWQBOAFQASABFAFQASQBDACAATABBAEIAIABFAFYARQBOAFQAIAAtACAAaABhAHIAbQBsAGUAcwBzACcA", "ParentImage": "C:\\Program Files\\Microsoft Office\\root\\Office16\\WINWORD.EXE", "ParentProcessId": 4120, "User": "CORP\\c.martin", "IntegrityLevel": "Medium", "Hashes": "SHA256=0000000000000000000000000000000000000000000000000000000000000002"}
{"_synthetic": true, "UtcTime": "2026-09-14 09:12:18.000", "EventID": 22, "Computer": "WS-COMPTA-07.corp.example.com", "ProcessId": 5544, "Image": "C:\\Windows\\System32\\WindowsPowerShell\\v1.0\\powershell.exe", "QueryName": "cdn-update.example.net", "QueryStatus": "0", "QueryResults": "198.51.100.77;"}
{"_synthetic": true, "UtcTime": "2026-09-14 09:12:18.000", "EventID": 3, "Computer": "WS-COMPTA-07.corp.example.com", "ProcessId": 5544, "Image": "C:\\Windows\\System32\\WindowsPowerShell\\v1.0\\powershell.exe", "Protocol": "tcp", "Initiated": true, "SourceIp": "10.20.30.57", "SourcePort": 51544, "DestinationIp": "198.51.100.77", "DestinationHostname": "cdn-update.example.net", "DestinationPort": 443, "User": "CORP\\c.martin"}
{"_synthetic": true, "UtcTime": "2026-09-14 09:12:20.000", "EventID": 11, "Computer": "WS-COMPTA-07.corp.example.com", "ProcessId": 5544, "Image": "C:\\Windows\\System32\\WindowsPowerShell\\v1.0\\powershell.exe", "TargetFilename": "C:\\Users\\c.martin\\AppData\\Roaming\\SyncHelper\\synchelper.exe", "User": "CORP\\c.martin"}
{"_synthetic": true, "UtcTime": "2026-09-14 09:12:21.000", "EventID": 13, "Computer": "WS-COMPTA-07.corp.example.com", "ProcessId": 5544, "Image": "C:\\Windows\\System32\\WindowsPowerShell\\v1.0\\powershell.exe", "EventType": "SetValue", "TargetObject": "HKU\\S-1-5-21-1111111111-2222222222-3333333333-1105\\Software\\Microsoft\\Windows\\CurrentVersion\\Run\\SyncHelper", "Details": "C:\\Users\\c.martin\\AppData\\Roaming\\SyncHelper\\synchelper.exe", "User": "CORP\\c.martin"}
{"_synthetic": true, "UtcTime": "2026-09-14 09:12:23.000", "EventID": 1, "Computer": "WS-COMPTA-07.corp.example.com", "ProcessGuid": "{a1b2c3d4-0003-0000-0000-000000000003}", "ProcessId": 6012, "Image": "C:\\Users\\c.martin\\AppData\\Roaming\\SyncHelper\\synchelper.exe", "CommandLine": "\"C:\\Users\\c.martin\\AppData\\Roaming\\SyncHelper\\synchelper.exe\" --silent", "ParentImage": "C:\\Windows\\System32\\WindowsPowerShell\\v1.0\\powershell.exe", "ParentProcessId": 5544, "User": "CORP\\c.martin", "IntegrityLevel": "Medium", "Hashes": "SHA256=0000000000000000000000000000000000000000000000000000000000000003"}
{"_synthetic": true, "UtcTime": "2026-09-14 09:13:23.000", "EventID": 3, "Computer": "WS-COMPTA-07.corp.example.com", "ProcessId": 6012, "Image": "C:\\Users\\c.martin\\AppData\\Roaming\\SyncHelper\\synchelper.exe", "Protocol": "tcp", "Initiated": true, "SourceIp": "10.20.30.57", "SourcePort": 51600, "DestinationIp": "198.51.100.77", "DestinationHostname": "cdn-update.example.net", "DestinationPort": 443, "User": "CORP\\c.martin"}
{"_synthetic": true, "UtcTime": "2026-09-14 09:14:03.000", "EventID": 1, "Computer": "WS-COMPTA-07.corp.example.com", "ProcessGuid": "{a1b2c3d4-0006-0000-0000-000000000006}", "ProcessId": 7001, "Image": "C:\\Program Files\\Google\\Chrome\\Application\\chrome.exe", "CommandLine": "\"chrome.exe\"", "ParentImage": "C:\\Windows\\explorer.exe", "ParentProcessId": 3310, "User": "CORP\\c.martin", "IntegrityLevel": "Medium", "Hashes": "SHA256=0000000000000000000000000000000000000000000000000000000000000006"}
{"_synthetic": true, "UtcTime": "2026-09-14 09:14:08.000", "EventID": 22, "Computer": "WS-COMPTA-07.corp.example.com", "ProcessId": 7001, "Image": "C:\\Program Files\\Google\\Chrome\\Application\\chrome.exe", "QueryName": "intranet.example.com", "QueryStatus": "0", "QueryResults": "10.20.30.20;"}
{"_synthetic": true, "UtcTime": "2026-09-14 09:14:23.000", "EventID": 3, "Computer": "WS-COMPTA-07.corp.example.com", "ProcessId": 6012, "Image": "C:\\Users\\c.martin\\AppData\\Roaming\\SyncHelper\\synchelper.exe", "Protocol": "tcp", "Initiated": true, "SourceIp": "10.20.30.57", "SourcePort": 51601, "DestinationIp": "198.51.100.77", "DestinationHostname": "cdn-update.example.net", "DestinationPort": 443, "User": "CORP\\c.martin"}
{"_synthetic": true, "UtcTime": "2026-09-14 09:15:23.000", "EventID": 3, "Computer": "WS-COMPTA-07.corp.example.com", "ProcessId": 6012, "Image": "C:\\Users\\c.martin\\AppData\\Roaming\\SyncHelper\\synchelper.exe", "Protocol": "tcp", "Initiated": true, "SourceIp": "10.20.30.57", "SourcePort": 51602, "DestinationIp": "198.51.100.77", "DestinationHostname": "cdn-update.example.net", "DestinationPort": 443, "User": "CORP\\c.martin"}
{"_synthetic": true, "UtcTime": "2026-09-14 09:16:23.000", "EventID": 3, "Computer": "WS-COMPTA-07.corp.example.com", "ProcessId": 6012, "Image": "C:\\Users\\c.martin\\AppData\\Roaming\\SyncHelper\\synchelper.exe", "Protocol": "tcp", "Initiated": true, "SourceIp": "10.20.30.57", "SourcePort": 51603, "DestinationIp": "198.51.100.77", "DestinationHostname": "cdn-update.example.net", "DestinationPort": 443, "User": "CORP\\c.martin"}
{"_synthetic": true, "UtcTime": "2026-09-14 09:17:03.000", "EventID": 1, "Computer": "WS-COMPTA-07.corp.example.com", "ProcessGuid": "{a1b2c3d4-0004-0000-0000-000000000004}", "ProcessId": 6200, "Image": "C:\\Windows\\System32\\whoami.exe", "CommandLine": "whoami /all", "ParentImage": "C:\\Windows\\System32\\cmd.exe", "ParentProcessId": 6150, "User": "CORP\\c.martin", "IntegrityLevel": "Medium", "Hashes": "SHA256=0000000000000000000000000000000000000000000000000000000000000004"}
{"_synthetic": true, "UtcTime": "2026-09-14 09:17:05.000", "EventID": 1, "Computer": "WS-COMPTA-07.corp.example.com", "ProcessGuid": "{a1b2c3d4-0005-0000-0000-000000000005}", "ProcessId": 6210, "Image": "C:\\Windows\\System32\\net.exe", "CommandLine": "net group \"Domain Admins\" /domain", "ParentImage": "C:\\Windows\\System32\\cmd.exe", "ParentProcessId": 6150, "User": "CORP\\c.martin", "IntegrityLevel": "Medium", "Hashes": "SHA256=0000000000000000000000000000000000000000000000000000000000000005"}
